{
  "RSpec": {
    "coverage": {
      "/Users/ice/GitHubRepo/backend_projects/stock_trading_app/config/environment.rb": {
        "lines": [
          null,
          1,
          null,
          null,
          1,
          null,
          1,
          null,
          null,
          null,
          null,
          null,
          null,
          null,
          null
        ]
      },
      "/Users/ice/GitHubRepo/backend_projects/stock_trading_app/config/application.rb": {
        "lines": [
          1,
          null,
          1,
          null,
          null,
          null,
          1,
          null,
          1,
          1,
          null,
          1,
          null,
          null,
          null,
          null,
          null,
          null,
          null,
          null,
          null,
          null
        ]
      },
      "/Users/ice/GitHubRepo/backend_projects/stock_trading_app/config/boot.rb": {
        "lines": [
          1,
          null,
          1,
          1
        ]
      },
      "/Users/ice/GitHubRepo/backend_projects/stock_trading_app/config/environments/test.rb": {
        "lines": [
          1,
          null,
          null,
          null,
          null,
          null,
          null,
          1,
          null,
          null,
          null,
          1,
          null,
          null,
          null,
          null,
          1,
          null,
          null,
          1,
          1,
          null,
          null,
          null,
          null,
          1,
          1,
          1,
          null,
          null,
          1,
          null,
          null,
          1,
          null,
          null,
          1,
          null,
          1,
          null,
          null,
          null,
          null,
          1,
          null,
          null,
          1,
          null,
          null,
          1,
          null,
          null,
          1,
          null,
          null,
          null,
          null,
          null,
          null,
          null
        ]
      },
      "/Users/ice/GitHubRepo/backend_projects/stock_trading_app/config/initializers/assets.rb": {
        "lines": [
          null,
          null,
          null,
          1,
          null,
          null,
          null,
          null,
          null,
          null,
          null,
          null
        ]
      },
      "/Users/ice/GitHubRepo/backend_projects/stock_trading_app/config/initializers/content_security_policy.rb": {
        "lines": [
          null,
          null,
          null,
          null,
          null,
          null,
          null,
          null,
          null,
          null,
          null,
          null,
          null,
          null,
          null,
          null,
          null,
          null,
          null,
          null,
          null,
          null,
          null,
          null,
          null
        ]
      },
      "/Users/ice/GitHubRepo/backend_projects/stock_trading_app/config/initializers/cors.rb": {
        "lines": [
          null,
          null,
          1,
          1,
          1,
          1,
          null,
          null
        ]
      },
      "/Users/ice/GitHubRepo/backend_projects/stock_trading_app/config/initializers/filter_parameter_logging.rb": {
        "lines": [
          null,
          null,
          null,
          null,
          null,
          1,
          null,
          null
        ]
      },
      "/Users/ice/GitHubRepo/backend_projects/stock_trading_app/config/initializers/inflections.rb": {
        "lines": [
          null,
          null,
          null,
          null,
          null,
          null,
          null,
          null,
          null,
          null,
          null,
          null,
          null,
          null,
          null,
          null
        ]
      },
      "/Users/ice/GitHubRepo/backend_projects/stock_trading_app/config/initializers/new_framework_defaults_7_0.rb": {
        "lines": [
          null,
          null,
          null,
          null,
          null,
          null,
          null,
          null,
          null,
          null,
          null,
          null,
          null,
          null,
          null,
          null,
          null,
          null,
          null,
          null,
          null,
          null,
          null,
          null,
          null,
          null,
          null,
          null,
          null,
          null,
          null,
          null,
          null,
          null,
          null,
          null,
          null,
          null,
          null,
          null,
          null,
          null,
          null,
          null,
          null,
          null,
          null,
          null,
          null,
          null,
          null,
          null,
          null,
          null,
          null,
          null,
          null,
          null,
          null,
          null,
          null,
          null,
          null,
          null,
          null,
          null,
          null,
          null,
          null,
          null,
          null,
          null,
          null,
          null,
          null,
          null,
          null,
          null,
          null,
          null,
          null,
          null,
          null,
          null,
          null,
          null,
          null,
          null,
          null,
          null,
          null,
          null,
          null,
          null,
          null,
          null,
          null,
          null,
          null,
          null,
          null,
          null,
          null,
          null,
          null,
          null,
          null,
          null,
          null,
          null,
          null,
          null,
          null,
          null,
          null,
          null,
          null,
          null,
          null,
          null,
          null,
          null,
          null,
          null,
          null,
          null,
          null,
          null,
          null,
          null,
          null,
          null,
          null,
          null,
          null
        ]
      },
      "/Users/ice/GitHubRepo/backend_projects/stock_trading_app/config/initializers/permissions_policy.rb": {
        "lines": [
          null,
          null,
          null,
          null,
          null,
          null,
          null,
          null,
          null,
          null,
          null
        ]
      },
      "/Users/ice/GitHubRepo/backend_projects/stock_trading_app/config/routes.rb": {
        "lines": [
          null,
          null,
          1,
          null,
          null,
          null,
          null,
          null,
          1,
          1,
          null,
          1,
          1,
          1,
          1,
          1,
          1,
          null,
          null,
          1,
          1,
          null,
          null,
          1,
          1,
          null,
          null,
          1,
          1,
          1,
          null,
          null,
          null
        ]
      },
      "/Users/ice/GitHubRepo/backend_projects/stock_trading_app/app/helpers/application_helper.rb": {
        "lines": [
          1,
          null
        ]
      },
      "/Users/ice/GitHubRepo/backend_projects/stock_trading_app/app/models/user.rb": {
        "lines": [
          null,
          null,
          null,
          null,
          null,
          null,
          null,
          null,
          null,
          null,
          null,
          null,
          null,
          null,
          null,
          null,
          null,
          null,
          1,
          null,
          1,
          1,
          1,
          null,
          1,
          1,
          null,
          1,
          null,
          1,
          30,
          null,
          30,
          null,
          null,
          1,
          30,
          null,
          null,
          1,
          2,
          2,
          null,
          null
        ]
      },
      "/Users/ice/GitHubRepo/backend_projects/stock_trading_app/app/models/application_record.rb": {
        "lines": [
          1,
          1,
          null
        ]
      },
      "/Users/ice/GitHubRepo/backend_projects/stock_trading_app/app/controllers/api/v1/authentication_controller.rb": {
        "lines": [
          null,
          null,
          null,
          null,
          null,
          null,
          1,
          1,
          null,
          1,
          null,
          1,
          1,
          null,
          null,
          null,
          1,
          null,
          4,
          null,
          4,
          3,
          null,
          2,
          null,
          2,
          2,
          null,
          1,
          null,
          null,
          1,
          null,
          null,
          null,
          null,
          null,
          1,
          49,
          null,
          null,
          49,
          1,
          null,
          null,
          48,
          48,
          null,
          48,
          null,
          null,
          48,
          null,
          null,
          48,
          47,
          47,
          47,
          null,
          null,
          null,
          null,
          1,
          null,
          null,
          null,
          1,
          null,
          1,
          6,
          null,
          null,
          null,
          null
        ]
      },
      "/Users/ice/GitHubRepo/backend_projects/stock_trading_app/app/controllers/application_controller.rb": {
        "lines": [
          null,
          null,
          null,
          null,
          1,
          null,
          1,
          null,
          null,
          null,
          1,
          null,
          48,
          48,
          null,
          null,
          null,
          null,
          48,
          null,
          47,
          2,
          1,
          null,
          1,
          null,
          null,
          null,
          1,
          32,
          null,
          3,
          null,
          null,
          1,
          9,
          null,
          1,
          null,
          null
        ]
      },
      "/Users/ice/GitHubRepo/backend_projects/stock_trading_app/app/controllers/concerns/json_web_token.rb": {
        "lines": [
          null,
          null,
          null,
          1,
          1,
          null,
          null,
          1,
          47,
          47,
          null,
          null,
          null,
          1,
          48,
          47,
          null,
          null
        ]
      },
      "/Users/ice/GitHubRepo/backend_projects/stock_trading_app/app/controllers/api/v1/users_controller.rb": {
        "lines": [
          null,
          null,
          1,
          1,
          null,
          1,
          1,
          1,
          1,
          null,
          1,
          1,
          1,
          null,
          null,
          null,
          1,
          24,
          24,
          24,
          null,
          0,
          null,
          null,
          null,
          null,
          1,
          2,
          null,
          2,
          1,
          null,
          1,
          null,
          null,
          null,
          null,
          1,
          1,
          null,
          1,
          null,
          null,
          null,
          1,
          1,
          null,
          1,
          null,
          null,
          null,
          1,
          1,
          1,
          null,
          null,
          1,
          null,
          1,
          26,
          null,
          null,
          null,
          null
        ]
      },
      "/Users/ice/GitHubRepo/backend_projects/stock_trading_app/app/mailers/user_approved_mailer.rb": {
        "lines": [
          null,
          null,
          null,
          1,
          1,
          null,
          1,
          24,
          24,
          24,
          24,
          24,
          24,
          null,
          null
        ]
      },
      "/Users/ice/GitHubRepo/backend_projects/stock_trading_app/app/mailers/application_mailer.rb": {
        "lines": [
          null,
          null,
          null,
          1,
          1,
          1,
          null
        ]
      },
      "/Users/ice/GitHubRepo/backend_projects/stock_trading_app/app/controllers/api/v1/stocks_controller.rb": {
        "lines": [
          null,
          null,
          1,
          1,
          null,
          1,
          1,
          1,
          1,
          null,
          null,
          1,
          1,
          null,
          1,
          1,
          null,
          0,
          null,
          null,
          null,
          null,
          1,
          1,
          1,
          null,
          null,
          null,
          1,
          1,
          1,
          null,
          null,
          1,
          null,
          1,
          1,
          null,
          null,
          null,
          null
        ]
      },
      "/Users/ice/GitHubRepo/backend_projects/stock_trading_app/app/models/stock.rb": {
        "lines": [
          null,
          null,
          null,
          null,
          null,
          null,
          null,
          null,
          null,
          null,
          null,
          null,
          null,
          null,
          null,
          1,
          1,
          1,
          null,
          null,
          1,
          0,
          0,
          0,
          0,
          null,
          null,
          null,
          null,
          null,
          null,
          null,
          null,
          null,
          null,
          null,
          null,
          null,
          null,
          null,
          null,
          null,
          null,
          null,
          null,
          null,
          null,
          null,
          null,
          null,
          null,
          null,
          null,
          null,
          null,
          null,
          null
        ]
      },
      "/Users/ice/GitHubRepo/backend_projects/stock_trading_app/app/mailers/user_signup_mailer.rb": {
        "lines": [
          null,
          null,
          null,
          1,
          1,
          null,
          1,
          2,
          2,
          2,
          2,
          2,
          2,
          null,
          null
        ]
      },
      "/Users/ice/GitHubRepo/backend_projects/stock_trading_app/app/controllers/api/v1/orders_controller.rb": {
        "lines": [
          null,
          null,
          1,
          1,
          null,
          1,
          1,
          1,
          1,
          1,
          null,
          null,
          1,
          1,
          1,
          null,
          null,
          null,
          1,
          8,
          null,
          8,
          6,
          null,
          2,
          null,
          null,
          null,
          null,
          null,
          null,
          null,
          null,
          null,
          null,
          null,
          null,
          null,
          null,
          null,
          null,
          1,
          null,
          null,
          null,
          null,
          null,
          1,
          8,
          null,
          null,
          null,
          null,
          null
        ]
      },
      "/Users/ice/GitHubRepo/backend_projects/stock_trading_app/app/models/order.rb": {
        "lines": [
          null,
          null,
          null,
          null,
          null,
          null,
          null,
          null,
          null,
          null,
          null,
          null,
          null,
          null,
          null,
          null,
          null,
          null,
          null,
          null,
          null,
          null,
          null,
          null,
          null,
          null,
          1,
          1,
          null,
          1,
          null,
          1,
          null,
          16,
          10,
          7,
          null,
          1,
          1,
          null,
          null,
          1,
          null,
          5,
          5,
          4,
          null,
          null,
          5,
          5,
          1,
          null,
          null,
          null,
          null,
          null,
          1,
          8,
          8,
          1,
          null,
          null,
          null,
          null,
          null,
          1,
          8,
          null,
          2,
          2,
          2,
          1,
          null,
          null,
          null,
          null,
          null,
          1,
          11,
          null,
          1,
          1,
          null,
          null,
          null,
          null,
          null,
          1,
          11,
          null,
          4,
          3,
          3,
          null,
          1,
          1,
          null,
          null,
          null,
          null,
          1,
          11,
          null,
          5,
          5,
          5,
          null,
          null,
          null,
          null,
          null,
          1,
          11,
          null,
          1,
          1,
          1,
          null,
          null,
          1,
          null,
          null,
          11,
          11,
          null,
          null,
          11,
          11,
          null,
          null,
          1,
          null,
          1,
          8,
          null,
          null,
          1,
          27,
          null,
          null,
          1,
          18,
          null,
          null,
          1,
          22,
          null,
          null,
          1,
          20,
          null,
          null,
          1,
          12,
          null,
          null
        ]
      },
      "/Users/ice/GitHubRepo/backend_projects/stock_trading_app/app/models/portfolio.rb": {
        "lines": [
          null,
          null,
          null,
          null,
          null,
          null,
          null,
          null,
          null,
          null,
          null,
          null,
          null,
          null,
          null,
          null,
          null,
          null,
          null,
          null,
          null,
          null,
          null,
          null,
          1,
          1,
          null,
          1,
          null,
          1,
          1,
          null,
          null
        ]
      }
    },
    "timestamp": 1682671957
  }
}
